0 info it worked if it ends with ok
1 verbose cli [ 'C:\\Program Files\\nodejs\\node.exe',
1 verbose cli   'C:\\Program Files\\nodejs\\node_modules\\npm\\bin\\npm-cli.js',
1 verbose cli   'install',
1 verbose cli   'angular-meterial',
1 verbose cli   '--save' ]
2 info using npm@2.5.1
3 info using node@v4.2.6
4 warn package.json angularMeterial@1.0.0 No description
5 warn package.json angularMeterial@1.0.0 No repository field.
6 warn package.json angularMeterial@1.0.0 No README data
7 silly cache add args [ 'angular-meterial', null ]
8 verbose cache add spec angular-meterial
9 silly cache add parsed spec Result {
9 silly cache add   raw: 'angular-meterial',
9 silly cache add   scope: null,
9 silly cache add   name: 'angular-meterial',
9 silly cache add   rawSpec: '',
9 silly cache add   spec: '*',
9 silly cache add   type: 'range' }
10 verbose addNamed angular-meterial@*
11 silly addNamed semver.valid null
12 silly addNamed semver.validRange *
13 silly addNameRange { name: 'angular-meterial', range: '*', hasData: false }
14 silly mapToRegistry name angular-meterial
15 silly mapToRegistry using default registry
16 silly mapToRegistry registry https://registry.npmjs.org/
17 silly mapToRegistry uri https://registry.npmjs.org/angular-meterial
18 verbose addNameRange registry:https://registry.npmjs.org/angular-meterial not in flight; fetching
19 verbose request uri https://registry.npmjs.org/angular-meterial
20 verbose request no auth needed
21 info attempt registry request try #1 at 11:25:25 AM
22 verbose request id 91b2e6e9c1ebd827
23 http request GET https://registry.npmjs.org/angular-meterial
24 http 404 https://registry.npmjs.org/angular-meterial
25 verbose headers { 'content-type': 'application/json',
25 verbose headers   'cache-control': 'max-age=0',
25 verbose headers   'content-length': '2',
25 verbose headers   'accept-ranges': 'bytes',
25 verbose headers   date: 'Thu, 10 Mar 2016 05:55:29 GMT',
25 verbose headers   via: '1.1 varnish',
25 verbose headers   age: '0',
25 verbose headers   connection: 'keep-alive',
25 verbose headers   'x-served-by': 'cache-sin6921-SIN',
25 verbose headers   'x-cache': 'MISS',
25 verbose headers   'x-cache-hits': '0',
25 verbose headers   'x-timer': 'S1457589329.182983,VS0,VE256' }
26 silly get cb [ 404,
26 silly get   { 'content-type': 'application/json',
26 silly get     'cache-control': 'max-age=0',
26 silly get     'content-length': '2',
26 silly get     'accept-ranges': 'bytes',
26 silly get     date: 'Thu, 10 Mar 2016 05:55:29 GMT',
26 silly get     via: '1.1 varnish',
26 silly get     age: '0',
26 silly get     connection: 'keep-alive',
26 silly get     'x-served-by': 'cache-sin6921-SIN',
26 silly get     'x-cache': 'MISS',
26 silly get     'x-cache-hits': '0',
26 silly get     'x-timer': 'S1457589329.182983,VS0,VE256' } ]
27 verbose stack Error: Registry returned 404 for GET on https://registry.npmjs.org/angular-meterial
27 verbose stack     at CachingRegistryClient.<anonymous> (C:\Program Files\nodejs\node_modules\npm\node_modules\npm-registry-client\lib\request.js:244:14)
27 verbose stack     at Request._callback (C:\Program Files\nodejs\node_modules\npm\node_modules\npm-registry-client\lib\request.js:178:14)
27 verbose stack     at Request.self.callback (C:\Program Files\nodejs\node_modules\npm\node_modules\request\request.js:344:22)
27 verbose stack     at emitTwo (events.js:87:13)
27 verbose stack     at Request.emit (events.js:172:7)
27 verbose stack     at Request.<anonymous> (C:\Program Files\nodejs\node_modules\npm\node_modules\request\request.js:1239:14)
27 verbose stack     at emitOne (events.js:82:20)
27 verbose stack     at Request.emit (events.js:169:7)
27 verbose stack     at IncomingMessage.<anonymous> (C:\Program Files\nodejs\node_modules\npm\node_modules\request\request.js:1187:12)
27 verbose stack     at emitNone (events.js:72:20)
28 verbose statusCode 404
29 verbose pkgid angular-meterial
30 verbose cwd C:\express\git\angularMeterial
31 error Windows_NT 6.3.9600
32 error argv "C:\\Program Files\\nodejs\\node.exe" "C:\\Program Files\\nodejs\\node_modules\\npm\\bin\\npm-cli.js" "install" "angular-meterial" "--save"
33 error node v4.2.6
34 error npm  v2.5.1
35 error code E404
36 error 404 Registry returned 404 for GET on https://registry.npmjs.org/angular-meterial
36 error 404
36 error 404 'angular-meterial' is not in the npm registry.
36 error 404 You should bug the author to publish it (or use the name yourself!)
36 error 404 It was specified as a dependency of 'angularMeterial'
36 error 404
36 error 404 Note that you can also install from a
36 error 404 tarball, folder, http url, or git url.
37 verbose exit [ 1, true ]
